[2025-08-06T14:45:09.906Z] 🎬 Бот запущен и готов к киномании!
[2025-08-06T14:49:40.825Z] 🎬 Бот запущен и готов к киномании!
[2025-08-06T14:50:01.075Z] Бот успешно запущен!
<<<<<<< HEAD
[2025-08-07T08:18:18.743Z] Бот успешно запущен!
[2025-08-08T08:42:37.301Z] Бот успешно запущен!
[2025-08-09T20:45:20.609Z] Бот успешно запущен!
[2025-08-10T08:14:44.306Z] Бот успешно запущен!
[2025-08-11T10:22:42.150Z] Бот успешно запущен!
[2025-08-12T09:37:54.843Z] Бот успешно запущен!
[2025-08-12T15:09:41.430Z] Бот успешно запущен!
[2025-08-12T17:23:05.622Z] Бот успешно запущен!
[2025-08-12T17:23:27.612Z] ERROR in uploadHistoryToGoogleSheets: Unable to parse range: История!A1
[2025-08-12T17:25:28.042Z] Бот успешно запущен!
[2025-08-12T17:25:58.349Z] ERROR in uploadHistoryToGoogleSheets: Unable to parse range: История!A1
[2025-08-12T17:54:48.130Z] Бот успешно запущен!
[2025-08-12T17:55:03.554Z] ✅ История успешно загружена в Google Sheets!
[2025-08-12T17:55:04.789Z] ✅ История успешно загружена в Google Sheets!
[2025-08-12T17:55:05.021Z] ERROR in handling callback for 1147849296: ETELEGRAM: 400 Bad Request: message is not modified: specified new message content and reply markup are exactly the same as a current content and reply markup of the message
[2025-08-12T18:21:49.706Z] Бот успешно запущен!
[2025-08-12T18:22:13.718Z] ✅ История успешно загружена в Google Sheets!
[2025-08-12T18:24:01.647Z] ✅ История успешно загружена в Google Sheets!
[2025-08-12T18:24:34.716Z] ✅ История успешно загружена в Google Sheets!
[2025-08-12T18:34:16.878Z] Бот успешно запущен!
[2025-08-12T18:38:11.469Z] Бот успешно запущен!
[2025-08-12T18:38:46.449Z] ✅ История успешно загружена в Google Sheets!
[2025-08-12T18:40:07.812Z] ✅ История успешно загружена в Google Sheets!
[2025-08-12T18:58:39.937Z] Бот успешно запущен!
[2025-08-12T18:59:00.041Z] ✅ История успешно загружена в Google Sheets!
=======
>>>>>>> 64486be525fca8e65ec86ff806e6c9a0bc6126d2
